        -:    0:Source:../../../src/main.cpp
        -:    0:Graph:.\main.cpp.gcno
        -:    0:Data:.\main.cpp.gcda
        -:    0:Runs:2
        -:    0:Programs:1
        -:    0:Source is newer than graph
        -:    1:#include <ctime>
        -:    2:#include <iostream>
        -:    3:
        -:    4:
        0:    5:void FunctionNeverCalled(std::time_t t)
        -:    6:{
    #####:    7:    std::cout << t << " i was never called\n";
    #####:    8:    return ;
        -:    9:}
        2:   10:void FunctionTwiceCalled(std::time_t t)
        -:   11:{
        2:   12:    std::cout << t << " i was twice called\n";
        2:   13:}
        -:   14:
        1:   15:int main(int argc, char ** argv)
        -:   16:{
        1:   17:    std::time_t t = std::time(0);  // t is an integer type
        1:   18:    std::cout << t << " seconds since 01-Jan-1970\n";
        1:   19:    std::cout << "compiled wiht std= " << __cplusplus << std::endl;
        -:   20:    
        1:   21:    FunctionTwiceCalled(t);
        1:   22:    FunctionTwiceCalled(t);
        1:   23:    return 0;
        -:   24:}